<?xml version="1.0" encoding="UTF-8"?>
<testsuite xmlns:xsi="http://www.w3.org/2001/XMLSchema-instance" xsi:noNamespaceSchemaLocation="https://maven.apache.org/surefire/maven-surefire-plugin/xsd/surefire-test-report.xsd" name="com.yeezleunlimited.SongTest" time="0.054" tests="2" errors="0" skipped="0" failures="0">
  <properties>
    <property name="java.specification.version" value="17"/>
    <property name="sun.cpu.isalist" value="amd64"/>
    <property name="sun.jnu.encoding" value="Cp1252"/>
    <property name="java.class.path" value="C:\Users\73spi\Projects\YeezleUnlimited\YeezleUnlimited\target\test-classes;C:\Users\73spi\Projects\YeezleUnlimited\YeezleUnlimited\target\classes;C:\Users\73spi\.m2\repository\junit\junit\4.11\junit-4.11.jar;C:\Users\73spi\.m2\repository\org\hamcrest\hamcrest-core\1.3\hamcrest-core-1.3.jar;"/>
    <property name="java.vm.vendor" value="Oracle Corporation"/>
    <property name="sun.arch.data.model" value="64"/>
    <property name="user.variant" value=""/>
    <property name="java.vendor.url" value="https://java.oracle.com/"/>
    <property name="user.timezone" value="America/New_York"/>
    <property name="os.name" value="Windows 10"/>
    <property name="java.vm.specification.version" value="17"/>
    <property name="sun.java.launcher" value="SUN_STANDARD"/>
    <property name="user.country" value="US"/>
    <property name="sun.boot.library.path" value="C:\Program Files\Java\jdk-17\bin"/>
    <property name="sun.java.command" value="C:\Users\73spi\AppData\Local\Temp\surefire17288702814770550624\surefirebooter10663573379691277927.jar C:\Users\73spi\AppData\Local\Temp\surefire17288702814770550624 2024-02-26T17-14-41_111-jvmRun1 surefire3448459811928034054tmp surefire_0860901175157310000tmp"/>
    <property name="jdk.debug" value="release"/>
    <property name="surefire.test.class.path" value="C:\Users\73spi\Projects\YeezleUnlimited\YeezleUnlimited\target\test-classes;C:\Users\73spi\Projects\YeezleUnlimited\YeezleUnlimited\target\classes;C:\Users\73spi\.m2\repository\junit\junit\4.11\junit-4.11.jar;C:\Users\73spi\.m2\repository\org\hamcrest\hamcrest-core\1.3\hamcrest-core-1.3.jar;"/>
    <property name="sun.cpu.endian" value="little"/>
    <property name="user.home" value="C:\Users\73spi"/>
    <property name="user.language" value="en"/>
    <property name="java.specification.vendor" value="Oracle Corporation"/>
    <property name="java.version.date" value="2024-01-16"/>
    <property name="java.home" value="C:\Program Files\Java\jdk-17"/>
    <property name="file.separator" value="\"/>
    <property name="basedir" value="C:\Users\73spi\Projects\YeezleUnlimited\YeezleUnlimited"/>
    <property name="java.vm.compressedOopsMode" value="Zero based"/>
    <property name="line.separator" value="&#10;"/>
    <property name="java.vm.specification.vendor" value="Oracle Corporation"/>
    <property name="java.specification.name" value="Java Platform API Specification"/>
    <property name="surefire.real.class.path" value="C:\Users\73spi\AppData\Local\Temp\surefire17288702814770550624\surefirebooter10663573379691277927.jar"/>
    <property name="user.script" value=""/>
    <property name="sun.management.compiler" value="HotSpot 64-Bit Tiered Compilers"/>
    <property name="java.runtime.version" value="17.0.10+11-LTS-240"/>
    <property name="user.name" value="Luke"/>
    <property name="path.separator" value=";"/>
    <property name="os.version" value="10.0"/>
    <property name="java.runtime.name" value="Java(TM) SE Runtime Environment"/>
    <property name="file.encoding" value="Cp1252"/>
    <property name="java.vm.name" value="Java HotSpot(TM) 64-Bit Server VM"/>
    <property name="localRepository" value="C:\Users\73spi\.m2\repository"/>
    <property name="java.vendor.url.bug" value="https://bugreport.java.com/bugreport/"/>
    <property name="java.io.tmpdir" value="C:\Users\73spi\AppData\Local\Temp\"/>
    <property name="java.version" value="17.0.10"/>
    <property name="user.dir" value="C:\Users\73spi\Projects\YeezleUnlimited\YeezleUnlimited"/>
    <property name="os.arch" value="amd64"/>
    <property name="java.vm.specification.name" value="Java Virtual Machine Specification"/>
    <property name="sun.os.patch.level" value=""/>
    <property name="native.encoding" value="Cp1252"/>
    <property name="java.library.path" value="C:\Program Files\Java\jdk-17\bin;C:\Windows\Sun\Java\bin;C:\Windows\system32;C:\Windows;C:\Users\73spi\bin;C:\Program Files\Git\mingw64\bin;C:\Program Files\Git\usr\local\bin;C:\Program Files\Git\usr\bin;C:\Program Files\Git\usr\bin;C:\Program Files\Git\mingw64\bin;C:\Program Files\Git\usr\bin;C:\Users\73spi\bin;C:\Program Files (x86)\Common Files\Oracle\Java\javapath;C:\ProgramData\apache-maven-3.9.6-bin\apache-maven-3.9.6\bin;C:\Program Files\Java\jdk-17\bin;C:\Program Files\PostgreSQL\14\bin;C:\Program Files\PostgreSQL\14\lib;C:\Windows\System32;C:\Program Files\nodejs;C:\Program Files (x86)\Java\jre-1.8\bin;C:\Program Files\nodejs;C:\ProgramData\sqlite3;C:\Users\73spi\AppData\Local\ActiveState\StateTool\release\bin;C:\Users\73spi\AppData\Local\activestate\cache\bin;C:\Users\73spi\AppData\Local\Microsoft\WindowsApps;C:\Users\73spi\AppData\Local\Programs\Microsoft VS Code\bin;C:\Users\73spi\.dotnet\tools;C:\ProgramData\apache-maven-3.9.6\bin;C:\Program Files\PostgreSQL\14\bin;C:\Program Files\Java\jdk-17\bin;C:\Program Files\PostgreSQL\14\lib;C:\Users\73spi\AppData\Roaming\npm;C:\ProgramData\sqlite3;C:\Program Files\Git\usr\bin\vendor_perl;C:\Program Files\Git\usr\bin\core_perl;."/>
    <property name="java.vm.info" value="mixed mode, sharing"/>
    <property name="java.vendor" value="Oracle Corporation"/>
    <property name="java.vm.version" value="17.0.10+11-LTS-240"/>
    <property name="sun.io.unicode.encoding" value="UnicodeLittle"/>
    <property name="java.class.version" value="61.0"/>
  </properties>
  <testcase name="testAccessors" classname="com.yeezleunlimited.SongTest" time="0.008"/>
  <testcase name="testConstructor" classname="com.yeezleunlimited.SongTest" time="0"/>
</testsuite>